<?xml version="1.0" encoding="UTF-8"?>
<testsuite name="br.com.vicente.infrastructure.storecatalog.facade.StoreCatalogFacadeImplTest" tests="1" skipped="0" failures="0" errors="0" timestamp="2023-03-16T14:00:46" hostname="NLAMBERT" time="0.027">
  <properties/>
  <testcase name="givenAValidEntityPersisted_whenCallsFind_shouldReturnDto()" classname="br.com.vicente.infrastructure.storecatalog.facade.StoreCatalogFacadeImplTest" time="0.027"/>
  <system-out><![CDATA[2023-03-16T11:00:46.930-03:00  INFO 47540 --- [    Test worker] t.c.s.AnnotationConfigContextLoaderUtils : Could not detect default configuration classes for test class [br.com.vicente.infrastructure.storecatalog.facade.StoreCatalogFacadeImplTest]: StoreCatalogFacadeImplTest does not declare any static, non-private, non-final, nested classes annotated with @Configuration.
2023-03-16T11:00:46.942-03:00  INFO 47540 --- [    Test worker] .b.t.c.SpringBootTestContextBootstrapper : Found @SpringBootConfiguration br.com.vicente.infrastructure.Main for test class br.com.vicente.infrastructure.storecatalog.facade.StoreCatalogFacadeImplTest
Hibernate: 
    select
        p1_0.id,
        p1_0.created_at,
        p1_0.description,
        p1_0.name,
        p1_0.purchase_price,
        p1_0.stock,
        p1_0.updated_at 
    from
        products p1_0
Hibernate: 
    delete 
    from
        products 
    where
        id=?
Hibernate: 
    select
        s1_0.id,
        s1_0.description,
        s1_0.name,
        s1_0.purchase_price 
    from
        products s1_0
Hibernate: 
    select
        count(*) 
    from
        products p1_0
Hibernate: 
    select
        p1_0.id,
        p1_0.created_at,
        p1_0.description,
        p1_0.name,
        p1_0.purchase_price,
        p1_0.stock,
        p1_0.updated_at 
    from
        products p1_0 
    where
        p1_0.id=?
Hibernate: 
    select
        p1_0.id,
        p1_0.created_at,
        p1_0.description,
        p1_0.name,
        p1_0.purchase_price,
        p1_0.stock,
        p1_0.updated_at 
    from
        products p1_0 
    where
        p1_0.id=?
Hibernate: 
    insert 
    into
        products
        (created_at, description, name, purchase_price, stock, updated_at, id) 
    values
        (?, ?, ?, ?, ?, ?, ?)
Hibernate: 
    insert 
    into
        products
        (created_at, description, name, purchase_price, stock, updated_at, id) 
    values
        (?, ?, ?, ?, ?, ?, ?)
Hibernate: 
    select
        s1_0.id,
        s1_0.description,
        s1_0.name,
        s1_0.purchase_price 
    from
        products s1_0 
    where
        s1_0.id=?
]]></system-out>
  <system-err><![CDATA[]]></system-err>
</testsuite>
