<?xml version="1.0" encoding="UTF-8"?>
<testsuite name="br.com.vicente.infrastructure.productadm.persistence.ProductAdmProductGatewayImplTest" tests="2" skipped="0" failures="0" errors="0" timestamp="2023-03-15T15:48:18" hostname="NLAMBERT" time="0.039">
  <properties/>
  <testcase name="givenAPersistedProducts_whenCallsFindById_shouldReturnProduct()" classname="br.com.vicente.infrastructure.productadm.persistence.ProductAdmProductGatewayImplTest" time="0.021"/>
  <testcase name="givenAValidEntity_whenCallAddProduct_shouldAddProduct()" classname="br.com.vicente.infrastructure.productadm.persistence.ProductAdmProductGatewayImplTest" time="0.016"/>
  <system-out><![CDATA[2023-03-15T12:48:18.483-03:00  INFO 29236 --- [    Test worker] t.c.s.AnnotationConfigContextLoaderUtils : Could not detect default configuration classes for test class [br.com.vicente.infrastructure.productadm.persistence.ProductAdmProductGatewayImplTest]: ProductAdmProductGatewayImplTest does not declare any static, non-private, non-final, nested classes annotated with @Configuration.
2023-03-15T12:48:18.497-03:00  INFO 29236 --- [    Test worker] .b.t.c.SpringBootTestContextBootstrapper : Found @SpringBootConfiguration br.com.vicente.infrastructure.Main for test class br.com.vicente.infrastructure.productadm.persistence.ProductAdmProductGatewayImplTest
Hibernate: 
    select
        s1_0.id,
        s1_0.description,
        s1_0.name,
        s1_0.purchase_price 
    from
        products s1_0
Hibernate: 
    select
        p1_0.id,
        p1_0.created_at,
        p1_0.description,
        p1_0.name,
        p1_0.purchase_price,
        p1_0.stock,
        p1_0.updated_at 
    from
        products p1_0
2023-03-15T15:48:18.508892100Z
Hibernate: 
    select
        count(*) 
    from
        products p1_0
Hibernate: 
    select
        p1_0.id,
        p1_0.created_at,
        p1_0.description,
        p1_0.name,
        p1_0.purchase_price,
        p1_0.stock,
        p1_0.updated_at 
    from
        products p1_0 
    where
        p1_0.id=?
Hibernate: 
    insert 
    into
        products
        (created_at, description, name, purchase_price, stock, updated_at, id) 
    values
        (?, ?, ?, ?, ?, ?, ?)
2023-03-15T15:48:18.508892100Z
Hibernate: 
    select
        s1_0.id,
        s1_0.description,
        s1_0.name,
        s1_0.purchase_price 
    from
        products s1_0
Hibernate: 
    select
        p1_0.id,
        p1_0.created_at,
        p1_0.description,
        p1_0.name,
        p1_0.purchase_price,
        p1_0.stock,
        p1_0.updated_at 
    from
        products p1_0
Hibernate: 
    select
        count(*) 
    from
        products p1_0
Hibernate: 
    select
        p1_0.id,
        p1_0.created_at,
        p1_0.description,
        p1_0.name,
        p1_0.purchase_price,
        p1_0.stock,
        p1_0.updated_at 
    from
        products p1_0 
    where
        p1_0.id=?
Hibernate: 
    insert 
    into
        products
        (created_at, description, name, purchase_price, stock, updated_at, id) 
    values
        (?, ?, ?, ?, ?, ?, ?)
Hibernate: 
    select
        count(*) 
    from
        products p1_0
]]></system-out>
  <system-err><![CDATA[]]></system-err>
</testsuite>
