<?xml version="1.0" encoding="UTF-8"?>
<testsuite name="br.com.vicente.storecatalog.usecase.findall.FindAllProductsUseCaseTest" tests="1" skipped="0" failures="0" errors="0" timestamp="2023-03-14T12:09:30" hostname="NLAMBERT" time="0.465">
  <properties/>
  <testcase name="givenAValidEntitiesPersisted_whenCallsFindAll_shouldReturnAllProducts()" classname="br.com.vicente.storecatalog.usecase.findall.FindAllProductsUseCaseTest" time="0.465"/>
  <system-out><![CDATA[]]></system-out>
  <system-err><![CDATA[]]></system-err>
</testsuite>
