<?xml version="1.0" encoding="UTF-8"?>
<testsuite name="br.com.vicente.productadm.usecase.addproduct.AddProductUseCaseTest" tests="1" skipped="0" failures="0" errors="0" timestamp="2023-03-09T19:43:49" hostname="NLAMBERT" time="0.542">
  <properties/>
  <testcase name="givenAValidEntity_whenCallAddProduct_shouldAddProduct()" classname="br.com.vicente.productadm.usecase.addproduct.AddProductUseCaseTest" time="0.542"/>
  <system-out><![CDATA[]]></system-out>
  <system-err><![CDATA[]]></system-err>
</testsuite>
