<?xml version="1.0" encoding="UTF-8"?>
<testsuite name="br.com.vicente.productadm.usecase.checkstock.CheckProductStockUseCaseTest" tests="1" skipped="0" failures="0" errors="0" timestamp="2023-03-14T12:09:30" hostname="NLAMBERT" time="0.008">
  <properties/>
  <testcase name="givenAValidEntityPersisted_whenCallsCheckProductStock_shouldReturnOK()" classname="br.com.vicente.productadm.usecase.checkstock.CheckProductStockUseCaseTest" time="0.008"/>
  <system-out><![CDATA[]]></system-out>
  <system-err><![CDATA[]]></system-err>
</testsuite>
